<?xml version="1.0" encoding="UTF-8"?>
<!-- Generated by org.testng.reporters.JUnitReportReporter -->
<testsuite skipped="0" hostname="Sk-DaVinCi" name="com.name.test.Test1" tests="1" failures="0" timestamp="26 Nov 2018 18:41:44 GMT" time="16.505" errors="0">
  <testcase name="demoTest" time="16.505" classname="com.name.test.Test1"/>
</testsuite> <!-- com.name.test.Test1 -->
